2025-08-17 02:30:46 error: uncaughtException: listen EADDRINUSE: address already in use 0.0.0.0:3000
Error: listen EADDRINUSE: address already in use 0.0.0.0:3000
    at Server.setupListenHandle [as _listen2] (node:net:1940:16)
    at listenInCluster (node:net:1997:12)
    at node:net:2206:7
    at process.processTicksAndRejections (node:internal/process/task_queues:90:21) {
  "error": {
    "code": "EADDRINUSE",
    "errno": -4091,
    "syscall": "listen",
    "address": "0.0.0.0",
    "port": 3000
  },
  "stack": "Error: listen EADDRINUSE: address already in use 0.0.0.0:3000\n    at Server.setupListenHandle [as _listen2] (node:net:1940:16)\n    at listenInCluster (node:net:1997:12)\n    at node:net:2206:7\n    at process.processTicksAndRejections (node:internal/process/task_queues:90:21)",
  "exception": true,
  "date": "Sun Aug 17 2025 02:30:46 GMT+0800 (中国标准时间)",
  "process": {
    "pid": 24656,
    "uid": null,
    "gid": null,
    "cwd": "C:\\Users\\26933\\Desktop\\校园墙\\server",
    "execPath": "C:\\Program Files\\nodejs\\node.exe",
    "version": "v22.17.1",
    "argv": [
      "C:\\Program Files\\nodejs\\node.exe",
      "C:\\Users\\26933\\Desktop\\校园墙\\server\\src\\server.js"
    ],
    "memoryUsage": {
      "rss": 110071808,
      "heapTotal": 66789376,
      "heapUsed": 44182280,
      "external": 2465614,
      "arrayBuffers": 57476
    }
  },
  "os": {
    "loadavg": [
      0,
      0,
      0
    ],
    "uptime": 366562.625
  },
  "trace": [
    {
      "column": 16,
      "file": "node:net",
      "function": "Server.setupListenHandle [as _listen2]",
      "line": 1940,
      "method": "setupListenHandle [as _listen2]",
      "native": false
    },
    {
      "column": 12,
      "file": "node:net",
      "function": "listenInCluster",
      "line": 1997,
      "method": null,
      "native": false
    },
    {
      "column": 7,
      "file": "node:net",
      "function": null,
      "line": 2206,
      "method": null,
      "native": false
    },
    {
      "column": 21,
      "file": "node:internal/process/task_queues",
      "function": "process.processTicksAndRejections",
      "line": 90,
      "method": "processTicksAndRejections",
      "native": false
    }
  ],
  "service": "campus-wall-api"
}
