2025-08-31 02:04:35 error: unhandledRejection: sequelize.close is not a function
TypeError: sequelize.close is not a function
    at runTagMigration (C:\Users\26933\Desktop\校园墙\server\scripts\run-tag-migration.js:36:21)
    at Object.<anonymous> (C:\Users\26933\Desktop\校园墙\server\scripts\run-tag-migration.js:42:3)
    at Module._compile (node:internal/modules/cjs/loader:1730:14)
    at Object..js (node:internal/modules/cjs/loader:1895:10)
    at Module.load (node:internal/modules/cjs/loader:1465:32)
    at Function._load (node:internal/modules/cjs/loader:1282:12)
    at TracingChannel.traceSync (node:diagnostics_channel:322:14)
    at wrapModuleLoad (node:internal/modules/cjs/loader:235:24)
    at Function.executeUserEntryPoint [as runMain] (node:internal/modules/run_main:171:5)
    at node:internal/main/run_main_module:36:49 {
  "error": {},
  "stack": "TypeError: sequelize.close is not a function\n    at runTagMigration (C:\\Users\\26933\\Desktop\\校园墙\\server\\scripts\\run-tag-migration.js:36:21)\n    at Object.<anonymous> (C:\\Users\\26933\\Desktop\\校园墙\\server\\scripts\\run-tag-migration.js:42:3)\n    at Module._compile (node:internal/modules/cjs/loader:1730:14)\n    at Object..js (node:internal/modules/cjs/loader:1895:10)\n    at Module.load (node:internal/modules/cjs/loader:1465:32)\n    at Function._load (node:internal/modules/cjs/loader:1282:12)\n    at TracingChannel.traceSync (node:diagnostics_channel:322:14)\n    at wrapModuleLoad (node:internal/modules/cjs/loader:235:24)\n    at Function.executeUserEntryPoint [as runMain] (node:internal/modules/run_main:171:5)\n    at node:internal/main/run_main_module:36:49",
  "rejection": true,
  "date": "Sun Aug 31 2025 02:04:35 GMT+0800 (中国标准时间)",
  "process": {
    "pid": 17548,
    "uid": null,
    "gid": null,
    "cwd": "C:\\Users\\26933\\Desktop\\校园墙\\server",
    "execPath": "C:\\Program Files\\nodejs\\node.exe",
    "version": "v22.17.1",
    "argv": [
      "C:\\Program Files\\nodejs\\node.exe",
      "C:\\Users\\26933\\Desktop\\校园墙\\server\\scripts\\run-tag-migration.js"
    ],
    "memoryUsage": {
      "rss": 49934336,
      "heapTotal": 11337728,
      "heapUsed": 7889856,
      "external": 1780591,
      "arrayBuffers": 18675
    }
  },
  "os": {
    "loadavg": [
      0,
      0,
      0
    ],
    "uptime": 280373.14
  },
  "trace": [
    {
      "column": 21,
      "file": "C:\\Users\\26933\\Desktop\\校园墙\\server\\scripts\\run-tag-migration.js",
      "function": "runTagMigration",
      "line": 36,
      "method": null,
      "native": false
    },
    {
      "column": 3,
      "file": "C:\\Users\\26933\\Desktop\\校园墙\\server\\scripts\\run-tag-migration.js",
      "function": null,
      "line": 42,
      "method": null,
      "native": false
    },
    {
      "column": 14,
      "file": "node:internal/modules/cjs/loader",
      "function": "Module._compile",
      "line": 1730,
      "method": "_compile",
      "native": false
    },
    {
      "column": 10,
      "file": "node:internal/modules/cjs/loader",
      "function": "Object..js",
      "line": 1895,
      "method": ".js",
      "native": false
    },
    {
      "column": 32,
      "file": "node:internal/modules/cjs/loader",
      "function": "Module.load",
      "line": 1465,
      "method": "load",
      "native": false
    },
    {
      "column": 12,
      "file": "node:internal/modules/cjs/loader",
      "function": "Function._load",
      "line": 1282,
      "method": "_load",
      "native": false
    },
    {
      "column": 14,
      "file": "node:diagnostics_channel",
      "function": "TracingChannel.traceSync",
      "line": 322,
      "method": "traceSync",
      "native": false
    },
    {
      "column": 24,
      "file": "node:internal/modules/cjs/loader",
      "function": "wrapModuleLoad",
      "line": 235,
      "method": null,
      "native": false
    },
    {
      "column": 5,
      "file": "node:internal/modules/run_main",
      "function": "Function.executeUserEntryPoint [as runMain]",
      "line": 171,
      "method": "executeUserEntryPoint [as runMain]",
      "native": false
    },
    {
      "column": 49,
      "file": "node:internal/main/run_main_module",
      "function": null,
      "line": 36,
      "method": null,
      "native": false
    }
  ],
  "service": "campus-wall-api"
}
2025-08-31 02:05:03 error: unhandledRejection: sequelize.close is not a function
TypeError: sequelize.close is not a function
    at runTagMigration (C:\Users\26933\Desktop\校园墙\server\scripts\run-tag-migration.js:36:21)
    at Object.<anonymous> (C:\Users\26933\Desktop\校园墙\server\scripts\run-tag-migration.js:42:3)
    at Module._compile (node:internal/modules/cjs/loader:1730:14)
    at Object..js (node:internal/modules/cjs/loader:1895:10)
    at Module.load (node:internal/modules/cjs/loader:1465:32)
    at Function._load (node:internal/modules/cjs/loader:1282:12)
    at TracingChannel.traceSync (node:diagnostics_channel:322:14)
    at wrapModuleLoad (node:internal/modules/cjs/loader:235:24)
    at Function.executeUserEntryPoint [as runMain] (node:internal/modules/run_main:171:5)
    at node:internal/main/run_main_module:36:49 {
  "error": {},
  "stack": "TypeError: sequelize.close is not a function\n    at runTagMigration (C:\\Users\\26933\\Desktop\\校园墙\\server\\scripts\\run-tag-migration.js:36:21)\n    at Object.<anonymous> (C:\\Users\\26933\\Desktop\\校园墙\\server\\scripts\\run-tag-migration.js:42:3)\n    at Module._compile (node:internal/modules/cjs/loader:1730:14)\n    at Object..js (node:internal/modules/cjs/loader:1895:10)\n    at Module.load (node:internal/modules/cjs/loader:1465:32)\n    at Function._load (node:internal/modules/cjs/loader:1282:12)\n    at TracingChannel.traceSync (node:diagnostics_channel:322:14)\n    at wrapModuleLoad (node:internal/modules/cjs/loader:235:24)\n    at Function.executeUserEntryPoint [as runMain] (node:internal/modules/run_main:171:5)\n    at node:internal/main/run_main_module:36:49",
  "rejection": true,
  "date": "Sun Aug 31 2025 02:05:03 GMT+0800 (中国标准时间)",
  "process": {
    "pid": 43140,
    "uid": null,
    "gid": null,
    "cwd": "C:\\Users\\26933\\Desktop\\校园墙\\server",
    "execPath": "C:\\Program Files\\nodejs\\node.exe",
    "version": "v22.17.1",
    "argv": [
      "C:\\Program Files\\nodejs\\node.exe",
      "C:\\Users\\26933\\Desktop\\校园墙\\server\\scripts\\run-tag-migration.js"
    ],
    "memoryUsage": {
      "rss": 49795072,
      "heapTotal": 11337728,
      "heapUsed": 7889576,
      "external": 1780591,
      "arrayBuffers": 18675
    }
  },
  "os": {
    "loadavg": [
      0,
      0,
      0
    ],
    "uptime": 280401.062
  },
  "trace": [
    {
      "column": 21,
      "file": "C:\\Users\\26933\\Desktop\\校园墙\\server\\scripts\\run-tag-migration.js",
      "function": "runTagMigration",
      "line": 36,
      "method": null,
      "native": false
    },
    {
      "column": 3,
      "file": "C:\\Users\\26933\\Desktop\\校园墙\\server\\scripts\\run-tag-migration.js",
      "function": null,
      "line": 42,
      "method": null,
      "native": false
    },
    {
      "column": 14,
      "file": "node:internal/modules/cjs/loader",
      "function": "Module._compile",
      "line": 1730,
      "method": "_compile",
      "native": false
    },
    {
      "column": 10,
      "file": "node:internal/modules/cjs/loader",
      "function": "Object..js",
      "line": 1895,
      "method": ".js",
      "native": false
    },
    {
      "column": 32,
      "file": "node:internal/modules/cjs/loader",
      "function": "Module.load",
      "line": 1465,
      "method": "load",
      "native": false
    },
    {
      "column": 12,
      "file": "node:internal/modules/cjs/loader",
      "function": "Function._load",
      "line": 1282,
      "method": "_load",
      "native": false
    },
    {
      "column": 14,
      "file": "node:diagnostics_channel",
      "function": "TracingChannel.traceSync",
      "line": 322,
      "method": "traceSync",
      "native": false
    },
    {
      "column": 24,
      "file": "node:internal/modules/cjs/loader",
      "function": "wrapModuleLoad",
      "line": 235,
      "method": null,
      "native": false
    },
    {
      "column": 5,
      "file": "node:internal/modules/run_main",
      "function": "Function.executeUserEntryPoint [as runMain]",
      "line": 171,
      "method": "executeUserEntryPoint [as runMain]",
      "native": false
    },
    {
      "column": 49,
      "file": "node:internal/main/run_main_module",
      "function": null,
      "line": 36,
      "method": null,
      "native": false
    }
  ],
  "service": "campus-wall-api"
}
2025-08-31 02:05:52 error: unhandledRejection: sequelize.close is not a function
TypeError: sequelize.close is not a function
    at runTagMigration (C:\Users\26933\Desktop\校园墙\server\scripts\run-tag-migration.js:36:21)
    at Object.<anonymous> (C:\Users\26933\Desktop\校园墙\server\scripts\run-tag-migration.js:42:3)
    at Module._compile (node:internal/modules/cjs/loader:1730:14)
    at Object..js (node:internal/modules/cjs/loader:1895:10)
    at Module.load (node:internal/modules/cjs/loader:1465:32)
    at Function._load (node:internal/modules/cjs/loader:1282:12)
    at TracingChannel.traceSync (node:diagnostics_channel:322:14)
    at wrapModuleLoad (node:internal/modules/cjs/loader:235:24)
    at Function.executeUserEntryPoint [as runMain] (node:internal/modules/run_main:171:5)
    at node:internal/main/run_main_module:36:49 {
  "error": {},
  "stack": "TypeError: sequelize.close is not a function\n    at runTagMigration (C:\\Users\\26933\\Desktop\\校园墙\\server\\scripts\\run-tag-migration.js:36:21)\n    at Object.<anonymous> (C:\\Users\\26933\\Desktop\\校园墙\\server\\scripts\\run-tag-migration.js:42:3)\n    at Module._compile (node:internal/modules/cjs/loader:1730:14)\n    at Object..js (node:internal/modules/cjs/loader:1895:10)\n    at Module.load (node:internal/modules/cjs/loader:1465:32)\n    at Function._load (node:internal/modules/cjs/loader:1282:12)\n    at TracingChannel.traceSync (node:diagnostics_channel:322:14)\n    at wrapModuleLoad (node:internal/modules/cjs/loader:235:24)\n    at Function.executeUserEntryPoint [as runMain] (node:internal/modules/run_main:171:5)\n    at node:internal/main/run_main_module:36:49",
  "rejection": true,
  "date": "Sun Aug 31 2025 02:05:52 GMT+0800 (中国标准时间)",
  "process": {
    "pid": 13104,
    "uid": null,
    "gid": null,
    "cwd": "C:\\Users\\26933\\Desktop\\校园墙\\server",
    "execPath": "C:\\Program Files\\nodejs\\node.exe",
    "version": "v22.17.1",
    "argv": [
      "C:\\Program Files\\nodejs\\node.exe",
      "C:\\Users\\26933\\Desktop\\校园墙\\server\\scripts\\run-tag-migration.js"
    ],
    "memoryUsage": {
      "rss": 49692672,
      "heapTotal": 11599872,
      "heapUsed": 7851352,
      "external": 1780591,
      "arrayBuffers": 18675
    }
  },
  "os": {
    "loadavg": [
      0,
      0,
      0
    ],
    "uptime": 280450.078
  },
  "trace": [
    {
      "column": 21,
      "file": "C:\\Users\\26933\\Desktop\\校园墙\\server\\scripts\\run-tag-migration.js",
      "function": "runTagMigration",
      "line": 36,
      "method": null,
      "native": false
    },
    {
      "column": 3,
      "file": "C:\\Users\\26933\\Desktop\\校园墙\\server\\scripts\\run-tag-migration.js",
      "function": null,
      "line": 42,
      "method": null,
      "native": false
    },
    {
      "column": 14,
      "file": "node:internal/modules/cjs/loader",
      "function": "Module._compile",
      "line": 1730,
      "method": "_compile",
      "native": false
    },
    {
      "column": 10,
      "file": "node:internal/modules/cjs/loader",
      "function": "Object..js",
      "line": 1895,
      "method": ".js",
      "native": false
    },
    {
      "column": 32,
      "file": "node:internal/modules/cjs/loader",
      "function": "Module.load",
      "line": 1465,
      "method": "load",
      "native": false
    },
    {
      "column": 12,
      "file": "node:internal/modules/cjs/loader",
      "function": "Function._load",
      "line": 1282,
      "method": "_load",
      "native": false
    },
    {
      "column": 14,
      "file": "node:diagnostics_channel",
      "function": "TracingChannel.traceSync",
      "line": 322,
      "method": "traceSync",
      "native": false
    },
    {
      "column": 24,
      "file": "node:internal/modules/cjs/loader",
      "function": "wrapModuleLoad",
      "line": 235,
      "method": null,
      "native": false
    },
    {
      "column": 5,
      "file": "node:internal/modules/run_main",
      "function": "Function.executeUserEntryPoint [as runMain]",
      "line": 171,
      "method": "executeUserEntryPoint [as runMain]",
      "native": false
    },
    {
      "column": 49,
      "file": "node:internal/main/run_main_module",
      "function": null,
      "line": 36,
      "method": null,
      "native": false
    }
  ],
  "service": "campus-wall-api"
}
